# JRE version: Java(TM) SE Runtime Environment (24.0.1+9) (build 24.0.1+9-30)
# Java VM: Java HotSpot(TM) 64-Bit Server VM (24.0.1+9-30, mixed mode, sharing, tiered, compressed oops, compressed class ptrs, g1 gc, windows-amd64)
GC Precious Log:
 CardTable entry size: 512
 Card Set container configuration: InlinePtr #cards 5 size 8 Array Of Cards #cards 10 size 36 Howl #buckets 4 coarsen threshold 1843 Howl Bitmap #cards 512 size 80 coarsen threshold 460 Card regions per heap region 1 cards per card region 2048
 CPUs: 4 total, 4 available
 Memory: 6075M
 Large Page Support: Disabled
 NUMA Support: Disabled
 Compressed Oops: Enabled (32-bit)
 Heap Region Size: 1M
 Heap Min Capacity: 8M
 Heap Initial Capacity: 96M
 Heap Max Capacity: 1520M
 Pre-touch: Disabled
 Parallel Workers: 4
 Concurrent Workers: 1
 Concurrent Refinement Workers: 4
 Periodic GC: Disabled
Heap:
 garbage-first heap   total reserved 1556480K, committed 76800K, used 27334K [0x00000000a1000000, 0x0000000100000000)
  region size 1024K, 2 young (2048K), 0 survivors (0K)
 Metaspace       used 23218K, committed 23488K, reserved 1114112K
  class space    used 1981K, committed 2112K, reserved 1048576K
GC Heap History (10 events):
Event: 2.489 GC heap before
{Heap before GC invocations=0 (full 0):
 garbage-first heap   total reserved 1556480K, committed 100352K, used 39028K [0x00000000a1000000, 0x0000000100000000)
  region size 1024K, 28 young (28672K), 0 survivors (0K)
 Metaspace       used 11500K, committed 11648K, reserved 1114112K
  class space    used 1123K, committed 1216K, reserved 1048576K
}
Event: 2.496 GC heap after
{Heap after GC invocations=1 (full 0):
 garbage-first heap   total reserved 1556480K, committed 100352K, used 15282K [0x00000000a1000000, 0x0000000100000000)
  region size 1024K, 4 young (4096K), 4 survivors (4096K)
 Metaspace       used 11500K, committed 11648K, reserved 1114112K
  class space    used 1123K, committed 1216K, reserved 1048576K
}
Event: 3.417 GC heap before
{Heap before GC invocations=1 (full 0):
 garbage-first heap   total reserved 1556480K, committed 100352K, used 51122K [0x00000000a1000000, 0x0000000100000000)
  region size 1024K, 39 young (39936K), 4 survivors (4096K)
 Metaspace       used 19344K, committed 19648K, reserved 1114112K
  class space    used 1691K, committed 1856K, reserved 1048576K
}
Event: 3.425 GC heap after
{Heap after GC invocations=2 (full 0):
 garbage-first heap   total reserved 1556480K, committed 100352K, used 20141K [0x00000000a1000000, 0x0000000100000000)
  region size 1024K, 5 young (5120K), 5 survivors (5120K)
 Metaspace       used 19344K, committed 19648K, reserved 1114112K
  class space    used 1691K, committed 1856K, reserved 1048576K
}
Event: 8.936 GC heap before
{Heap before GC invocations=2 (full 0):
 garbage-first heap   total reserved 1556480K, committed 100352K, used 28333K [0x00000000a1000000, 0x0000000100000000)
  region size 1024K, 14 young (14336K), 5 survivors (5120K)
 Metaspace       used 21309K, committed 21504K, reserved 1114112K
  class space    used 1870K, committed 1984K, reserved 1048576K
}
Event: 8.941 GC heap after
{Heap after GC invocations=3 (full 0):
 garbage-first heap   total reserved 1556480K, committed 100352K, used 20914K [0x00000000a1000000, 0x0000000100000000)
  region size 1024K, 1 young (1024K), 1 survivors (1024K)
 Metaspace       used 21309K, committed 21504K, reserved 1114112K
  class space    used 1870K, committed 1984K, reserved 1048576K
}
Event: 78.041 GC heap before
{Heap before GC invocations=4 (full 0):
 garbage-first heap   total reserved 1556480K, committed 75776K, used 73138K [0x00000000a1000000, 0x0000000100000000)
  region size 1024K, 44 young (45056K), 1 survivors (1024K)
 Metaspace       used 23135K, committed 23360K, reserved 1114112K
  class space    used 1975K, committed 2048K, reserved 1048576K
}
Event: 78.043 GC heap after
{Heap after GC invocations=5 (full 0):
 garbage-first heap   total reserved 1556480K, committed 76800K, used 29589K [0x00000000a1000000, 0x0000000100000000)
  region size 1024K, 2 young (2048K), 2 survivors (2048K)
 Metaspace       used 23135K, committed 23360K, reserved 1114112K
  class space    used 1975K, committed 2048K, reserved 1048576K
}
Event: 191.535 GC heap before
{Heap before GC invocations=5 (full 0):
 garbage-first heap   total reserved 1556480K, committed 76800K, used 32661K [0x00000000a1000000, 0x0000000100000000)
  region size 1024K, 6 young (6144K), 2 survivors (2048K)
 Metaspace       used 23205K, committed 23424K, reserved 1114112K
  class space    used 1981K, committed 2112K, reserved 1048576K
}
Event: 191.557 GC heap after
{Heap after GC invocations=6 (full 1):
 garbage-first heap   total reserved 1556480K, committed 76800K, used 26310K [0x00000000a1000000, 0x0000000100000000)
  region size 1024K, 0 young (0K), 0 survivors (0K)
 Metaspace       used 23205K, committed 23424K, reserved 1114112K
  class space    used 1981K, committed 2112K, reserved 1048576K
}

